\BOOKMARK [0][-]{chapter.1}{\376\377\000C\000a\000p\000\355\000t\000u\000l\000o\000\040\0001\000:\000\040\000I\000n\000t\000r\000o\000d\000u\000\347\000\343\000o\000\040\000\340\000\040\000p\000r\000o\000g\000r\000a\000m\000a\000\347\000\343\000o\000\040\000e\000m\000\040\000P\000y\000t\000h\000o\000n}{}% 1
\BOOKMARK [1][-]{section.1.1}{\376\377\000O\000\040\000q\000u\000e\000\040\000\351\000\040\000p\000r\000o\000g\000r\000a\000m\000a\000\347\000\343\000o\000\040\000d\000e\000\040\000c\000o\000m\000p\000u\000t\000a\000d\000o\000r\000e\000s\000?}{chapter.1}% 2
\BOOKMARK [1][-]{section.1.2}{\376\377\000O\000\040\000q\000u\000e\000\040\000v\000o\000c\000\352\000\040\000p\000r\000e\000c\000i\000s\000a\000\040\000p\000a\000r\000a\000\040\000c\000o\000m\000e\000\347\000a\000r\000?}{chapter.1}% 3
\BOOKMARK [1][-]{section.1.3}{Escrevendo\040seu\040primeiro\040programa\040em\040python}{chapter.1}% 4
\BOOKMARK [1][-]{section.1.4}{Como\040um\040programa\040em\040Python\040funciona?}{chapter.1}% 5
\BOOKMARK [1][-]{section.1.5}{\376\377\000E\000s\000t\000r\000u\000t\000u\000r\000a\000\040\000b\000\341\000s\000i\000c\000a\000\040\000d\000e\000\040\000u\000m\000\040\000p\000r\000o\000g\000r\000a\000m\000a\000\040\000e\000m\000\040\000P\000y\000t\000h\000o\000n}{chapter.1}% 6
\BOOKMARK [1][-]{section.1.6}{Exemplo\040aprimorado:\040capturando\040nome\040e\040idade}{chapter.1}% 7
\BOOKMARK [1][-]{section.1.7}{\376\377\000E\000s\000t\000r\000a\000t\000\351\000g\000i\000a\000s\000\040\000c\000i\000e\000n\000t\000i\000f\000i\000c\000a\000m\000e\000n\000t\000e\000\040\000f\000u\000n\000d\000a\000m\000e\000n\000t\000a\000d\000a\000s\000\040\000p\000a\000r\000a\000\040\000e\000s\000t\000u\000d\000a\000r\000\040\000p\000r\000o\000g\000r\000a\000m\000a\000\347\000\343\000o}{chapter.1}% 8
\BOOKMARK [0][-]{chapter.2}{\376\377\000C\000a\000p\000\355\000t\000u\000l\000o\000\040\0002\000:\000\040\000V\000\341\000r\000i\000\341\000v\000e\000i\000s\000\040\000e\000\040\000T\000i\000p\000o\000s\000\040\000d\000e\000\040\000d\000a\000d\000o\000s}{}% 9
\BOOKMARK [1][-]{section.2.1}{\376\377\000D\000e\000f\000i\000n\000i\000n\000d\000o\000\040\000V\000a\000r\000i\000\341\000v\000e\000i\000s\000\040\000e\000\040\000T\000i\000p\000o\000s\000\040\000d\000e\000\040\000D\000a\000d\000o\000s}{chapter.2}% 10
\BOOKMARK [1][-]{section.2.2}{\376\377\000T\000i\000p\000o\000s\000\040\000d\000e\000\040\000d\000a\000d\000o\000s\000\040\000B\000\341\000s\000i\000c\000o\000s}{chapter.2}% 11
\BOOKMARK [2][-]{subsection.2.2.1}{\376\377\000N\000\372\000m\000e\000r\000o\000s\000\040\000I\000n\000t\000e\000i\000r\000o\000s}{section.2.2}% 12
\BOOKMARK [2][-]{subsection.2.2.2}{\376\377\000N\000\372\000m\000e\000r\000o\000s\000\040\000d\000e\000\040\000P\000o\000n\000t\000o\000\040\000F\000l\000u\000t\000u\000a\000n\000t\000e}{section.2.2}% 13
\BOOKMARK [2][-]{subsection.2.2.3}{Strings}{section.2.2}% 14
\BOOKMARK [2][-]{subsection.2.2.4}{Booleanos}{section.2.2}% 15
\BOOKMARK [1][-]{section.2.3}{Tipos\040de\040dados\040compostos}{chapter.2}% 16
\BOOKMARK [2][-]{subsection.2.3.1}{Listas}{section.2.3}% 17
\BOOKMARK [2][-]{subsection.2.3.2}{Tuplas}{section.2.3}% 18
\BOOKMARK [2][-]{subsection.2.3.3}{\376\377\000D\000i\000c\000i\000o\000n\000\341\000r\000i\000o\000s}{section.2.3}% 19
\BOOKMARK [2][-]{subsection.2.3.4}{Conjuntos}{section.2.3}% 20
\BOOKMARK [1][-]{section.2.4}{\376\377\000E\000x\000e\000r\000c\000\355\000c\000i\000o\000s}{chapter.2}% 21
\BOOKMARK [0][-]{chapter.3}{\376\377\000C\000a\000p\000\355\000t\000u\000l\000o\000\040\0003\000:\000\040\000O\000p\000e\000r\000a\000d\000o\000r\000e\000s\000\040\000e\000\040\000e\000x\000p\000r\000e\000s\000s\000\365\000e\000s}{}% 22
\BOOKMARK [1][-]{section.3.1}{\376\377\000O\000p\000e\000r\000a\000d\000o\000r\000e\000s\000\040\000A\000r\000i\000t\000m\000\351\000t\000i\000c\000o\000s}{chapter.3}% 23
\BOOKMARK [1][-]{section.3.2}{Operadores\040Relacionais}{chapter.3}% 24
\BOOKMARK [1][-]{section.3.3}{\376\377\000O\000p\000e\000r\000a\000d\000o\000r\000e\000s\000\040\000L\000\363\000g\000i\000c\000o\000s}{chapter.3}% 25
\BOOKMARK [1][-]{section.3.4}{\376\377\000O\000p\000e\000r\000a\000d\000o\000r\000e\000s\000\040\000d\000e\000\040\000A\000t\000r\000i\000b\000u\000i\000\347\000\343\000o}{chapter.3}% 26
\BOOKMARK [1][-]{section.3.5}{Operadores\040de\040Incremento\040e\040Decremento}{chapter.3}% 27
\BOOKMARK [2][-]{subsection.3.5.1}{Operador\040de\040Incremento}{section.3.5}% 28
\BOOKMARK [2][-]{subsection.3.5.2}{Operador\040de\040Decremento}{section.3.5}% 29
\BOOKMARK [1][-]{section.3.6}{\376\377\000O\000p\000e\000r\000a\000d\000o\000r\000e\000s\000\040\000U\000n\000\341\000r\000i\000o\000s}{chapter.3}% 30
\BOOKMARK [2][-]{subsection.3.6.1}{Operador\040Negativo\040\(-\):}{section.3.6}% 31
\BOOKMARK [2][-]{subsection.3.6.2}{Operador\040Positivo\040\(+\):}{section.3.6}% 32
\BOOKMARK [2][-]{subsection.3.6.3}{\376\377\000O\000p\000e\000r\000a\000d\000o\000r\000\040\000d\000e\000\040\000I\000n\000v\000e\000r\000s\000\343\000o\000\040\000B\000i\000t\000\040\000a\000\040\000B\000i\000t\000\040\000\050\000\176\000\051\000:}{section.3.6}% 33
\BOOKMARK [1][-]{section.3.7}{\376\377\000E\000x\000e\000r\000c\000\355\000c\000i\000o\000s}{chapter.3}% 34
\BOOKMARK [0][-]{chapter.4}{\376\377\000C\000a\000p\000\355\000t\000u\000l\000o\000\040\0004\000:\000\040\000C\000o\000n\000t\000r\000o\000l\000e\000\040\000d\000e\000\040\000F\000l\000u\000x\000o}{}% 35
\BOOKMARK [1][-]{section.4.1}{Estruturas\040condicionais}{chapter.4}% 36
\BOOKMARK [2][-]{subsection.4.1.1}{\376\377\000A\000\040\000I\000n\000s\000t\000r\000u\000\347\000\343\000o\000\040\000i\000f}{section.4.1}% 37
\BOOKMARK [2][-]{subsection.4.1.2}{\376\377\000I\000n\000s\000t\000r\000u\000\347\000\365\000e\000s\000\040\000e\000l\000i\000f\000\040\000e\000\040\000e\000l\000s\000e}{section.4.1}% 38
\BOOKMARK [3][-]{subsubsection*.3}{Exemplo\040com\040elif:}{subsection.4.1.2}% 39
\BOOKMARK [2][-]{subsection.4.1.3}{\376\377\000E\000x\000e\000m\000p\000l\000o\000\040\000P\000r\000\341\000t\000i\000c\000o\000:\000\040\000V\000e\000r\000i\000f\000i\000c\000a\000\347\000\343\000o\000\040\000d\000e\000\040\000N\000\372\000m\000e\000r\000o\000s\000\040\000P\000a\000r\000e\000s\000\040\000e\000\040\000\315\000m\000p\000a\000r\000e\000s}{section.4.1}% 40
\BOOKMARK [2][-]{subsection.4.1.4}{Aninhamento\040de\040Estruturas\040Condicionais}{section.4.1}% 41
\BOOKMARK [1][-]{section.4.2}{\376\377\000E\000s\000t\000r\000u\000t\000u\000r\000a\000s\000\040\000d\000e\000\040\000r\000e\000p\000e\000t\000i\000\347\000\343\000o}{chapter.4}% 42
\BOOKMARK [2][-]{subsection.4.2.1}{\376\377\000E\000s\000t\000r\000u\000t\000u\000r\000a\000\040\000d\000e\000\040\000R\000e\000p\000e\000t\000i\000\347\000\343\000o\000\040\000f\000o\000r}{section.4.2}% 43
\BOOKMARK [3][-]{subsubsection*.4}{\376\377\000C\000a\000s\000o\000s\000\040\000d\000e\000\040\000U\000t\000i\000l\000i\000z\000a\000\347\000\343\000o\000\040\000d\000o\000\040\000f\000o\000r}{subsection.4.2.1}% 44
\BOOKMARK [2][-]{subsection.4.2.2}{\376\377\000E\000s\000t\000r\000u\000t\000u\000r\000a\000\040\000d\000e\000\040\000R\000e\000p\000e\000t\000i\000\347\000\343\000o\000\040\000w\000h\000i\000l\000e}{section.4.2}% 45
\BOOKMARK [3][-]{subsubsection*.5}{\376\377\000C\000a\000s\000o\000s\000\040\000d\000e\000\040\000U\000t\000i\000l\000i\000z\000a\000\347\000\343\000o\000\040\000d\000o\000\040\000w\000h\000i\000l\000e}{subsection.4.2.2}% 46
\BOOKMARK [1][-]{section.4.3}{\376\377\000E\000x\000e\000r\000c\000\355\000c\000i\000o\000s}{chapter.4}% 47
\BOOKMARK [0][-]{chapter.5}{\376\377\000C\000a\000p\000\355\000t\000u\000l\000o\000\040\0005\000:\000\040\000F\000u\000n\000\347\000\365\000e\000s}{}% 48
\BOOKMARK [1][-]{section.5.1}{\376\377\000D\000e\000f\000i\000n\000i\000n\000d\000o\000\040\000F\000u\000n\000\347\000\365\000e\000s}{chapter.5}% 49
\BOOKMARK [2][-]{subsection.5.1.1}{\376\377\000N\000o\000m\000e\000s\000\040\000d\000e\000\040\000F\000u\000n\000\347\000\365\000e\000s\000:}{section.5.1}% 50
\BOOKMARK [2][-]{subsection.5.1.2}{\376\377\000N\000o\000m\000e\000s\000\040\000d\000e\000\040\000P\000a\000r\000\342\000m\000e\000t\000r\000o\000s\000:}{section.5.1}% 51
\BOOKMARK [1][-]{section.5.2}{\376\377\000A\000r\000g\000u\000m\000e\000n\000t\000o\000s\000\040\000d\000e\000\040\000F\000u\000n\000\347\000\343\000o}{chapter.5}% 52
\BOOKMARK [1][-]{section.5.3}{Retorno\040de\040Valor}{chapter.5}% 53
\BOOKMARK [1][-]{section.5.4}{\376\377\000F\000u\000n\000\347\000\365\000e\000s\000\040\000A\000n\000\364\000n\000i\000m\000a\000s\000\040\000\050\000L\000a\000m\000b\000d\000a\000\051}{chapter.5}% 54
\BOOKMARK [1][-]{section.5.5}{\376\377\000F\000u\000n\000\347\000\365\000e\000s\000\040\000R\000e\000c\000u\000r\000s\000i\000v\000a\000s}{chapter.5}% 55
\BOOKMARK [1][-]{section.5.6}{\376\377\000F\000u\000n\000\347\000\365\000e\000s\000\040\000b\000u\000i\000l\000t\000-\000i\000n}{chapter.5}% 56
\BOOKMARK [2][-]{subsection.5.6.1}{\376\377\000F\000u\000n\000\347\000\365\000e\000s\000\040\000p\000a\000r\000a\000\040\000C\000o\000n\000v\000e\000r\000s\000\343\000o\000\040\000d\000e\000\040\000T\000i\000p\000o\000s}{section.5.6}% 57
\BOOKMARK [2][-]{subsection.5.6.2}{\376\377\000F\000u\000n\000\347\000\365\000e\000s\000\040\000p\000a\000r\000a\000\040\000M\000a\000n\000i\000p\000u\000l\000a\000\347\000\343\000o\000\040\000d\000e\000\040\000S\000e\000q\000u\000\352\000n\000c\000i\000a\000s}{section.5.6}% 58
\BOOKMARK [2][-]{subsection.5.6.3}{\376\377\000F\000u\000n\000\347\000\365\000e\000s\000\040\000p\000a\000r\000a\000\040\000I\000n\000t\000e\000r\000a\000g\000i\000r\000\040\000c\000o\000m\000\040\000o\000\040\000U\000s\000u\000\341\000r\000i\000o}{section.5.6}% 59
\BOOKMARK [2][-]{subsection.5.6.4}{\376\377\000F\000u\000n\000\347\000\365\000e\000s\000\040\000M\000a\000t\000e\000m\000\341\000t\000i\000c\000a\000s}{section.5.6}% 60
\BOOKMARK [1][-]{section.5.7}{\376\377\000E\000x\000e\000r\000c\000\355\000c\000i\000o\000s}{chapter.5}% 61
\BOOKMARK [0][-]{chapter.6}{\376\377\000C\000a\000p\000\355\000t\000u\000l\000o\000\040\0006\000:\000\040\000S\000t\000r\000i\000n\000g\000s}{}% 62
\BOOKMARK [1][-]{section.6.1}{\376\377\000I\000n\000t\000r\000o\000d\000u\000\347\000\343\000o\000\040\000a\000\040\000S\000t\000r\000i\000n\000g\000s}{chapter.6}% 63
\BOOKMARK [2][-]{subsection.6.1.1}{\376\377\000O\000p\000e\000r\000a\000\347\000\365\000e\000s\000\040\000c\000o\000m\000\040\000S\000t\000r\000i\000n\000g\000s}{section.6.1}% 64
\BOOKMARK [3][-]{subsubsection*.6}{\376\377\000C\000o\000n\000c\000a\000t\000e\000n\000a\000\347\000\343\000o}{subsection.6.1.1}% 65
\BOOKMARK [3][-]{subsubsection*.7}{\376\377\000R\000e\000p\000e\000t\000i\000\347\000\343\000o}{subsection.6.1.1}% 66
\BOOKMARK [3][-]{subsubsection*.8}{\376\377\000I\000n\000d\000e\000x\000a\000\347\000\343\000o\000\040\000e\000\040\000F\000a\000t\000i\000a\000m\000e\000n\000t\000o\000\040\000\050\000S\000l\000i\000c\000i\000n\000g\000\051}{subsection.6.1.1}% 67
\BOOKMARK [2][-]{subsection.6.1.2}{\376\377\000M\000\351\000t\000o\000d\000o\000s\000\040\000d\000e\000\040\000S\000t\000r\000i\000n\000g\000s}{section.6.1}% 68
\BOOKMARK [3][-]{subsubsection*.9}{upper\(\)\040e\040lower\(\)}{subsection.6.1.2}% 69
\BOOKMARK [3][-]{subsubsection*.10}{replace\(\)}{subsection.6.1.2}% 70
\BOOKMARK [3][-]{subsubsection*.11}{split\(\)}{subsection.6.1.2}% 71
\BOOKMARK [2][-]{subsection.6.1.3}{Explorando\040mais\040Conceitos}{section.6.1}% 72
\BOOKMARK [3][-]{subsubsection*.12}{\376\377\000F\000o\000r\000m\000a\000t\000a\000\347\000\343\000o\000\040\000d\000e\000\040\000S\000t\000r\000i\000n\000g\000s\000\040\000\050\000f\000-\000s\000t\000r\000i\000n\000g\000s\000\051}{subsection.6.1.3}% 73
\BOOKMARK [3][-]{subsubsection*.13}{\376\377\000M\000\351\000t\000o\000d\000o\000s\000\040\000s\000t\000a\000r\000t\000s\000w\000i\000t\000h\000\050\000\051\000\040\000e\000\040\000e\000n\000d\000s\000w\000i\000t\000h\000\050\000\051}{subsection.6.1.3}% 74
\BOOKMARK [1][-]{section.6.2}{\376\377\000E\000x\000p\000r\000e\000s\000s\000\365\000e\000s\000\040\000R\000e\000g\000u\000l\000a\000r\000e\000s\000\040\000e\000m\000\040\000P\000y\000t\000h\000o\000n}{chapter.6}% 75
\BOOKMARK [2][-]{subsection.6.2.1}{\376\377\000S\000i\000n\000t\000a\000x\000e\000\040\000B\000\341\000s\000i\000c\000a\000\040\000e\000\040\000P\000r\000i\000n\000c\000i\000p\000a\000i\000s\000\040\000F\000u\000n\000\347\000\365\000e\000s}{section.6.2}% 76
\BOOKMARK [3][-]{subsubsection*.14}{re.findall\(pattern,\040string\)\040e\040re.finditer\(pattern,\040string\):}{subsection.6.2.1}% 77
\BOOKMARK [3][-]{subsubsection*.15}{re.sub\(pattern,\040replacement,\040string\):}{subsection.6.2.1}% 78
\BOOKMARK [1][-]{section.6.3}{\376\377\000E\000x\000e\000r\000c\000\355\000c\000i\000o\000s}{chapter.6}% 79
\BOOKMARK [0][-]{chapter.7}{\376\377\000C\000a\000p\000\355\000t\000u\000l\000o\000\040\0007\000:\000\040\000N\000u\000m\000P\000y\000\040\000e\000\040\000M\000a\000t\000p\000l\000o\000t\000l\000i\000b}{}% 80
\BOOKMARK [1][-]{section.7.1}{\376\377\000M\000a\000n\000i\000p\000u\000l\000a\000\347\000\343\000o\000\040\000d\000e\000\040\000A\000r\000r\000a\000y\000s\000\040\000c\000o\000m\000\040\000o\000\040\000N\000u\000m\000P\000y}{chapter.7}% 81
\BOOKMARK [2][-]{subsection.7.1.1}{Definindo\040Arrays}{section.7.1}% 82
\BOOKMARK [2][-]{subsection.7.1.2}{\376\377\000O\000p\000e\000r\000a\000\347\000\365\000e\000s\000\040\000c\000o\000m\000\040\000A\000r\000r\000a\000y\000s}{section.7.1}% 83
\BOOKMARK [3][-]{subsubsection*.16}{\376\377\000C\000r\000i\000a\000n\000d\000o\000\040\000A\000r\000r\000a\000y\000s\000\040\000c\000o\000m\000\040\000v\000a\000l\000o\000r\000e\000s\000\040\000e\000s\000p\000e\000c\000\355\000f\000i\000c\000o\000s}{subsection.7.1.2}% 84
\BOOKMARK [3][-]{subsubsection*.17}{Concatenando\040e\040Empilhando\040Arrays}{subsection.7.1.2}% 85
\BOOKMARK [3][-]{subsubsection*.18}{\376\377\000R\000e\000s\000h\000a\000p\000e\000\040\000e\000\040\000T\000r\000a\000n\000s\000p\000o\000s\000i\000\347\000\343\000o}{subsection.7.1.2}% 86
\BOOKMARK [3][-]{subsubsection*.19}{\376\377\000O\000p\000e\000r\000a\000\347\000\365\000e\000s\000\040\000E\000s\000t\000a\000t\000\355\000s\000t\000i\000c\000a\000s}{subsection.7.1.2}% 87
\BOOKMARK [3][-]{subsubsection*.20}{\376\377\000I\000n\000d\000e\000x\000a\000\347\000\343\000o\000\040\000e\000\040\000F\000a\000t\000i\000a\000m\000e\000n\000t\000o}{subsection.7.1.2}% 88
\BOOKMARK [3][-]{subsubsection*.21}{\376\377\000O\000p\000e\000r\000a\000\347\000\365\000e\000s\000\040\000L\000\363\000g\000i\000c\000a\000s}{subsection.7.1.2}% 89
\BOOKMARK [1][-]{section.7.2}{\376\377\000V\000i\000s\000u\000a\000l\000i\000z\000a\000\347\000\343\000o\000\040\000d\000e\000\040\000D\000a\000d\000o\000s\000\040\000c\000o\000m\000\040\000o\000\040\000M\000a\000t\000p\000l\000o\000t\000l\000i\000b}{chapter.7}% 90
\BOOKMARK [2][-]{subsection.7.2.1}{\376\377\000G\000r\000\341\000f\000i\000c\000o\000s\000\040\000S\000i\000m\000p\000l\000e\000s}{section.7.2}% 91
\BOOKMARK [2][-]{subsection.7.2.2}{\376\377\000G\000r\000\341\000f\000i\000c\000o\000\040\000d\000e\000\040\000L\000i\000n\000h\000a\000:\000\040\000E\000v\000o\000l\000u\000\347\000\343\000o\000\040\000d\000e\000\040\000C\000a\000s\000o\000s\000\040\000d\000e\000\040\000C\000O\000V\000I\000D\000-\0001\0009\000\040\000n\000o\000\040\000B\000r\000a\000s\000i\000l}{section.7.2}% 92
\BOOKMARK [2][-]{subsection.7.2.3}{\376\377\000G\000r\000\341\000f\000i\000c\000o\000\040\000d\000e\000\040\000B\000a\000r\000r\000a\000s\000:\000\040\000D\000i\000s\000t\000r\000i\000b\000u\000i\000\347\000\343\000o\000\040\000d\000e\000\040\000R\000e\000n\000d\000a\000\040\000n\000o\000\040\000B\000r\000a\000s\000i\000l}{section.7.2}% 93
\BOOKMARK [2][-]{subsection.7.2.4}{\376\377\000G\000r\000\341\000f\000i\000c\000o\000\040\000d\000e\000\040\000D\000i\000s\000p\000e\000r\000s\000\343\000o\000:\000\040\000C\000o\000r\000r\000e\000l\000a\000\347\000\343\000o\000\040\000e\000n\000t\000r\000e\000\040\000D\000u\000a\000s\000\040\000V\000a\000r\000i\000\341\000v\000e\000i\000s}{section.7.2}% 94
\BOOKMARK [2][-]{subsection.7.2.5}{\376\377\000H\000i\000s\000t\000o\000g\000r\000a\000m\000a\000:\000\040\000D\000i\000s\000t\000r\000i\000b\000u\000i\000\347\000\343\000o\000\040\000d\000e\000\040\000u\000m\000a\000\040\000V\000a\000r\000i\000\341\000v\000e\000l}{section.7.2}% 95
\BOOKMARK [2][-]{subsection.7.2.6}{\376\377\000E\000x\000p\000l\000o\000r\000a\000n\000d\000o\000\040\000G\000r\000\341\000f\000i\000c\000o\000s\000\040\000E\000s\000t\000a\000t\000\355\000s\000t\000i\000c\000o\000s}{section.7.2}% 96
\BOOKMARK [2][-]{subsection.7.2.7}{Salvando\040os\040graficos\040como\040figuras}{section.7.2}% 97
\BOOKMARK [1][-]{section.7.3}{\376\377\000E\000x\000e\000r\000c\000\355\000c\000i\000o\000s}{chapter.7}% 98
\BOOKMARK [0][-]{chapter.8}{\376\377\000C\000a\000p\000\355\000t\000u\000l\000o\000\040\0008\000:\000\040\000M\000a\000n\000i\000p\000u\000l\000a\000\347\000\343\000o\000\040\000d\000e\000\040\000A\000r\000q\000u\000i\000v\000o\000s}{}% 99
\BOOKMARK [1][-]{section.8.1}{\376\377\000M\000a\000n\000i\000p\000u\000l\000a\000\347\000\343\000o\000\040\000d\000e\000\040\000A\000r\000q\000u\000i\000v\000o\000s}{chapter.8}% 100
\BOOKMARK [1][-]{section.8.2}{\376\377\000E\000x\000e\000r\000c\000\355\000c\000i\000o\000s}{chapter.8}% 101
